0 info it worked if it ends with ok
1 verbose cli [ '/Users/richard.sheldon/.nvm/versions/node/v6.9.5/bin/node',
1 verbose cli   '/Users/richard.sheldon/.nvm/versions/node/v6.9.5/bin/npm',
1 verbose cli   'run',
1 verbose cli   'sainsburys_test' ]
2 info using npm@3.10.10
3 info using node@v6.9.5
4 verbose run-script [ 'presainsburys_test',
4 verbose run-script   'sainsburys_test',
4 verbose run-script   'postsainsburys_test' ]
5 info lifecycle sainsburys-browserstack-automate-demo@0.1.0~presainsburys_test: sainsburys-browserstack-automate-demo@0.1.0
6 silly lifecycle sainsburys-browserstack-automate-demo@0.1.0~presainsburys_test: no script for presainsburys_test, continuing
7 info lifecycle sainsburys-browserstack-automate-demo@0.1.0~sainsburys_test: sainsburys-browserstack-automate-demo@0.1.0
8 verbose lifecycle sainsburys-browserstack-automate-demo@0.1.0~sainsburys_test: unsafe-perm in lifecycle true
9 verbose lifecycle sainsburys-browserstack-automate-demo@0.1.0~sainsburys_test: PATH: /Users/richard.sheldon/.nvm/versions/node/v6.9.5/lib/node_modules/npm/bin/node-gyp-bin:/Users/richard.sheldon/demos/browserstack-test/node_modules/.bin:/Users/richard.sheldon/.nvm/versions/node/v6.9.5/bin:/usr/local/bin:/usr/bin:/bin:/usr/sbin:/sbin:/usr/local/go/bin:/usr/local/MacGPG2/bin
10 verbose lifecycle sainsburys-browserstack-automate-demo@0.1.0~sainsburys_test: CWD: /Users/richard.sheldon/demos/browserstack-test
11 silly lifecycle sainsburys-browserstack-automate-demo@0.1.0~sainsburys_test: Args: [ '-c', 'wdio conf/sainsburys_test.conf.js' ]
12 silly lifecycle sainsburys-browserstack-automate-demo@0.1.0~sainsburys_test: Returned: code: 1  signal: null
13 info lifecycle sainsburys-browserstack-automate-demo@0.1.0~sainsburys_test: Failed to exec sainsburys_test script
14 verbose stack Error: sainsburys-browserstack-automate-demo@0.1.0 sainsburys_test: `wdio conf/sainsburys_test.conf.js`
14 verbose stack Exit status 1
14 verbose stack     at EventEmitter.<anonymous> (/Users/richard.sheldon/.nvm/versions/node/v6.9.5/lib/node_modules/npm/lib/utils/lifecycle.js:255:16)
14 verbose stack     at emitTwo (events.js:106:13)
14 verbose stack     at EventEmitter.emit (events.js:191:7)
14 verbose stack     at ChildProcess.<anonymous> (/Users/richard.sheldon/.nvm/versions/node/v6.9.5/lib/node_modules/npm/lib/utils/spawn.js:40:14)
14 verbose stack     at emitTwo (events.js:106:13)
14 verbose stack     at ChildProcess.emit (events.js:191:7)
14 verbose stack     at maybeClose (internal/child_process.js:877:16)
14 verbose stack     at Process.ChildProcess._handle.onexit (internal/child_process.js:226:5)
15 verbose pkgid sainsburys-browserstack-automate-demo@0.1.0
16 verbose cwd /Users/richard.sheldon/demos/browserstack-test
17 error Darwin 16.7.0
18 error argv "/Users/richard.sheldon/.nvm/versions/node/v6.9.5/bin/node" "/Users/richard.sheldon/.nvm/versions/node/v6.9.5/bin/npm" "run" "sainsburys_test"
19 error node v6.9.5
20 error npm  v3.10.10
21 error code ELIFECYCLE
22 error sainsburys-browserstack-automate-demo@0.1.0 sainsburys_test: `wdio conf/sainsburys_test.conf.js`
22 error Exit status 1
23 error Failed at the sainsburys-browserstack-automate-demo@0.1.0 sainsburys_test script 'wdio conf/sainsburys_test.conf.js'.
23 error Make sure you have the latest version of node.js and npm installed.
23 error If you do, this is most likely a problem with the sainsburys-browserstack-automate-demo package,
23 error not with npm itself.
23 error Tell the author that this fails on your system:
23 error     wdio conf/sainsburys_test.conf.js
23 error You can get information on how to open an issue for this project with:
23 error     npm bugs sainsburys-browserstack-automate-demo
23 error Or if that isn't available, you can get their info via:
23 error     npm owner ls sainsburys-browserstack-automate-demo
23 error There is likely additional logging output above.
24 verbose exit [ 1, true ]
